<?xml version="1.0" encoding="UTF-8"?>
<!-- Generated by org.testng.reporters.JUnitReportReporter -->
<testsuite hostname="DESKTOP-I0QSALS" failures="0" tests="2" name="practiceframeworks.testngfmwk.dataproviderexample" time="41.549" errors="0" timestamp="2025-04-02T14:02:42 IST" skipped="0">
  <testcase classname="practiceframeworks.testngfmwk.dataproviderexample" name="signin" time="20.239"/>
  <system-out/>
  <testcase classname="practiceframeworks.testngfmwk.dataproviderexample" name="signin" time="21.310"/>
  <system-out/>
</testsuite> <!-- practiceframeworks.testngfmwk.dataproviderexample -->
