<?xml version="1.0" encoding="UTF-8"?>
<!-- Generated by org.testng.reporters.JUnitReportReporter -->
<testsuite hostname="DESKTOP-I0QSALS" failures="0" tests="2" name="practiceframeworks.testngfmwk.dataprovidersepclass1" time="20.804" errors="0" timestamp="2025-04-02T14:13:22 IST" skipped="0">
  <testcase classname="practiceframeworks.testngfmwk.dataprovidersepclass1" name="signin" time="9.889"/>
  <system-out/>
  <testcase classname="practiceframeworks.testngfmwk.dataprovidersepclass1" name="signin" time="10.915"/>
  <system-out/>
</testsuite> <!-- practiceframeworks.testngfmwk.dataprovidersepclass1 -->
